[2019-12-22 02:45:46,922] INFO org.github.dragos.vscode.Main$ - Starting server in c:\Users\FujiTaka\Project\ProgramProject\Project\JavaCode
[2019-12-22 02:45:46,922] INFO org.github.dragos.vscode.Main$ - Starting server in c:\Users\FujiTaka\Project\ProgramProject\Project\JavaCode
[2019-12-22 02:45:46,932] INFO org.github.dragos.vscode.Main$ - Classpath: c:\Users\FujiTaka\.vscode\extensions\dragos.scala-lsp-0.2.3\coursier
[2019-12-22 02:45:46,932] INFO org.github.dragos.vscode.Main$ - Classpath: c:\Users\FujiTaka\.vscode\extensions\dragos.scala-lsp-0.2.3\coursier
[2019-12-22 02:45:47,054] DEBUG langserver.core.MessageReader - Received headers:
Content-Length: 1252
[2019-12-22 02:45:47,054] DEBUG langserver.core.MessageReader - Received headers:
Content-Length: 1252
[2019-12-22 02:45:47,067] DEBUG langserver.core.Connection - Received {"jsonrpc":"2.0","id":0,"method":"initialize","params":{"processId":13464,"rootPath":"c:\\Users\\FujiTaka\\Project\\ProgramProject\\Project\\JavaCode","rootUri":"file:///c%3A/Users/FujiTaka/Project/ProgramProject/Project/JavaCode","capabilities":{"workspace":{"applyEdit":true,"didChangeConfiguration":{"dynamicRegistration":false},"didChangeWatchedFiles":{"dynamicRegistration":false},"symbol":{"dynamicRegistration":true},"executeCommand":{"dynamicRegistration":true}},"textDocument":{"synchronization":{"dynamicRegistration":true,"willSave":true,"willSaveWaitUntil":true,"didSave":true},"completion":{"dynamicRegistration":true,"completionItem":{"snippetSupport":true}},"hover":{"dynamicRegistration":true},"signatureHelp":{"dynamicRegistration":true},"references":{"dynamicRegistration":true},"documentHighlight":{"dynamicRegistration":true},"documentSymbol":{"dynamicRegistration":true},"formatting":{"dynamicRegistration":true},"rangeFormatting":{"dynamicRegistration":true},"onTypeFormatting":{"dynamicRegistration":true},"definition":{"dynamicRegistration":true},"codeAction":{"dynamicRegistration":true},"codeLens":{"dynamicRegistration":true},"documentLink":{"dynamicRegistration":true},"rename":{"dynamicRegistration":true}}},"trace":"off"}}
[2019-12-22 02:45:47,067] DEBUG langserver.core.Connection - Received {"jsonrpc":"2.0","id":0,"method":"initialize","params":{"processId":13464,"rootPath":"c:\\Users\\FujiTaka\\Project\\ProgramProject\\Project\\JavaCode","rootUri":"file:///c%3A/Users/FujiTaka/Project/ProgramProject/Project/JavaCode","capabilities":{"workspace":{"applyEdit":true,"didChangeConfiguration":{"dynamicRegistration":false},"didChangeWatchedFiles":{"dynamicRegistration":false},"symbol":{"dynamicRegistration":true},"executeCommand":{"dynamicRegistration":true}},"textDocument":{"synchronization":{"dynamicRegistration":true,"willSave":true,"willSaveWaitUntil":true,"didSave":true},"completion":{"dynamicRegistration":true,"completionItem":{"snippetSupport":true}},"hover":{"dynamicRegistration":true},"signatureHelp":{"dynamicRegistration":true},"references":{"dynamicRegistration":true},"documentHighlight":{"dynamicRegistration":true},"documentSymbol":{"dynamicRegistration":true},"formatting":{"dynamicRegistration":true},"rangeFormatting":{"dynamicRegistration":true},"onTypeFormatting":{"dynamicRegistration":true},"definition":{"dynamicRegistration":true},"codeAction":{"dynamicRegistration":true},"codeLens":{"dynamicRegistration":true},"documentLink":{"dynamicRegistration":true},"rename":{"dynamicRegistration":true}}},"trace":"off"}}
[2019-12-22 02:45:47,476] INFO org.github.dragos.vscode.EnsimeLanguageServer - Initialized with 13464, c:\Users\FujiTaka\Project\ProgramProject\Project\JavaCode, ClientCapabilities()
[2019-12-22 02:45:47,476] INFO org.github.dragos.vscode.EnsimeLanguageServer - Initialized with 13464, c:\Users\FujiTaka\Project\ProgramProject\Project\JavaCode, ClientCapabilities()
[2019-12-22 02:45:47,479] DEBUG org.github.dragos.vscode.EnsimeLanguageServer - ensime.config = "C:/Users/FujiTaka/Project/ProgramProject/Project/JavaCode/.ensime" 
[2019-12-22 02:45:47,479] DEBUG org.github.dragos.vscode.EnsimeLanguageServer - ensime.config = "C:/Users/FujiTaka/Project/ProgramProject/Project/JavaCode/.ensime" 
[2019-12-22 02:45:47,889] INFO akka.event.slf4j.Slf4jLogger - Slf4jLogger started
[2019-12-22 02:45:48,024] ERROR org.github.dragos.vscode.EnsimeLanguageServer - initializeEnsime Error: C:\Users\FujiTaka\Project\ProgramProject\Project\JavaCode\.ensime
[2019-12-22 02:45:48,024] ERROR org.github.dragos.vscode.EnsimeLanguageServer - initializeEnsime Error: C:\Users\FujiTaka\Project\ProgramProject\Project\JavaCode\.ensime
[2019-12-22 02:45:48,092] DEBUG langserver.core.MessageWriter - Content-Length: 146



{"jsonrpc":"2.0","method":"window/showMessage","params":{"tpe":1,"message":"No .ensime file in directory. Run `sbt ensimeConfig` to create one."}}
[2019-12-22 02:45:48,092] DEBUG langserver.core.MessageWriter - Content-Length: 146



{"jsonrpc":"2.0","method":"window/showMessage","params":{"tpe":1,"message":"No .ensime file in directory. Run `sbt ensimeConfig` to create one."}}
[2019-12-22 02:45:48,092] DEBUG langserver.core.MessageWriter - payload: {"jsonrpc":"2.0","method":"window/showMessage","params":{"tpe":1,"message":"No .ensime file in directory. Run `sbt ensimeConfig` to create one."}}
[2019-12-22 02:45:48,092] DEBUG langserver.core.MessageWriter - payload: {"jsonrpc":"2.0","method":"window/showMessage","params":{"tpe":1,"message":"No .ensime file in directory. Run `sbt ensimeConfig` to create one."}}
[2019-12-22 02:45:48,181] DEBUG langserver.core.MessageWriter - Content-Length: 441



{"jsonrpc":"2.0","result":{"capabilities":{"textDocumentSync":1,"hoverProvider":true,"completionProvider":{"resolveProvider":false,"triggerCharacters":["."]},"definitionProvider":true,"referencesProvider":false,"documentHighlightProvider":false,"documentSymbolProvider":true,"workspaceSymbolProvider":false,"codeActionProvider":false,"documentFormattingProvider":false,"documentRangeFormattingProvider":false,"renameProvider":false}},"id":0}
[2019-12-22 02:45:48,181] DEBUG langserver.core.MessageWriter - Content-Length: 441



{"jsonrpc":"2.0","result":{"capabilities":{"textDocumentSync":1,"hoverProvider":true,"completionProvider":{"resolveProvider":false,"triggerCharacters":["."]},"definitionProvider":true,"referencesProvider":false,"documentHighlightProvider":false,"documentSymbolProvider":true,"workspaceSymbolProvider":false,"codeActionProvider":false,"documentFormattingProvider":false,"documentRangeFormattingProvider":false,"renameProvider":false}},"id":0}
[2019-12-22 02:45:48,181] DEBUG langserver.core.MessageWriter - payload: {"jsonrpc":"2.0","result":{"capabilities":{"textDocumentSync":1,"hoverProvider":true,"completionProvider":{"resolveProvider":false,"triggerCharacters":["."]},"definitionProvider":true,"referencesProvider":false,"documentHighlightProvider":false,"documentSymbolProvider":true,"workspaceSymbolProvider":false,"codeActionProvider":false,"documentFormattingProvider":false,"documentRangeFormattingProvider":false,"renameProvider":false}},"id":0}
[2019-12-22 02:45:48,181] DEBUG langserver.core.MessageWriter - payload: {"jsonrpc":"2.0","result":{"capabilities":{"textDocumentSync":1,"hoverProvider":true,"completionProvider":{"resolveProvider":false,"triggerCharacters":["."]},"definitionProvider":true,"referencesProvider":false,"documentHighlightProvider":false,"documentSymbolProvider":true,"workspaceSymbolProvider":false,"codeActionProvider":false,"documentFormattingProvider":false,"documentRangeFormattingProvider":false,"renameProvider":false}},"id":0}
[2019-12-22 02:45:48,183] DEBUG langserver.core.MessageReader - Received headers:
Content-Length: 52
[2019-12-22 02:45:48,183] DEBUG langserver.core.MessageReader - Received headers:
Content-Length: 52
[2019-12-22 02:45:48,186] DEBUG langserver.core.Connection - Received {"jsonrpc":"2.0","method":"initialized","params":{}}
[2019-12-22 02:45:48,186] DEBUG langserver.core.Connection - Received {"jsonrpc":"2.0","method":"initialized","params":{}}
[2019-12-22 02:45:48,201] ERROR org.github.dragos.vscode.EnsimeLanguageServer - Unknown notification Initialized()
[2019-12-22 02:45:48,201] ERROR org.github.dragos.vscode.EnsimeLanguageServer - Unknown notification Initialized()
[2019-12-22 02:45:48,202] DEBUG langserver.core.MessageReader - Received headers:
Content-Length: 346
[2019-12-22 02:45:48,202] DEBUG langserver.core.MessageReader - Received headers:
Content-Length: 346
[2019-12-22 02:45:48,203] DEBUG langserver.core.Connection - Received {"jsonrpc":"2.0","method":"textDocument/didOpen","params":{"textDocument":{"uri":"file:///c%3A/Users/FujiTaka/Project/ProgramProject/Project/JavaCode/Scala/Top3.scala","languageId":"scala","version":108,"text":"class Top3() {\r\n  \r\n  val LIST_VALUE: Int = [25, 36, 4, 55, 71, 18, 0, 71, 89, 65];\r\n  \r\n  def top3() {\r\n    \r\n  }\r\n}"}}}
[2019-12-22 02:45:48,203] DEBUG langserver.core.Connection - Received {"jsonrpc":"2.0","method":"textDocument/didOpen","params":{"textDocument":{"uri":"file:///c%3A/Users/FujiTaka/Project/ProgramProject/Project/JavaCode/Scala/Top3.scala","languageId":"scala","version":108,"text":"class Top3() {\r\n  \r\n  val LIST_VALUE: Int = [25, 36, 4, 55, 71, 18, 0, 71, 89, 65];\r\n  \r\n  def top3() {\r\n    \r\n  }\r\n}"}}}
[2019-12-22 02:46:10,622] DEBUG langserver.core.MessageReader - Received headers:
Content-Length: 184
[2019-12-22 02:46:10,622] DEBUG langserver.core.MessageReader - Received headers:
Content-Length: 184
[2019-12-22 02:46:10,622] DEBUG langserver.core.Connection - Received {"jsonrpc":"2.0","id":1,"method":"textDocument/documentSymbol","params":{"textDocument":{"uri":"file:///c%3A/Users/FujiTaka/Project/ProgramProject/Project/JavaCode/Scala/Top3.scala"}}}
[2019-12-22 02:46:10,622] DEBUG langserver.core.Connection - Received {"jsonrpc":"2.0","id":1,"method":"textDocument/documentSymbol","params":{"textDocument":{"uri":"file:///c%3A/Users/FujiTaka/Project/ProgramProject/Project/JavaCode/Scala/Top3.scala"}}}
[2019-12-22 02:46:10,628] DEBUG langserver.core.MessageWriter - Content-Length: 36



{"jsonrpc":"2.0","result":[],"id":1}
[2019-12-22 02:46:10,628] DEBUG langserver.core.MessageWriter - Content-Length: 36



{"jsonrpc":"2.0","result":[],"id":1}
[2019-12-22 02:46:10,629] DEBUG langserver.core.MessageWriter - payload: {"jsonrpc":"2.0","result":[],"id":1}
[2019-12-22 02:46:10,629] DEBUG langserver.core.MessageWriter - payload: {"jsonrpc":"2.0","result":[],"id":1}
[2019-12-22 02:46:15,560] DEBUG langserver.core.MessageReader - Received headers:
Content-Length: 58
[2019-12-22 02:46:15,560] DEBUG langserver.core.MessageReader - Received headers:
Content-Length: 58
[2019-12-22 02:46:15,563] DEBUG langserver.core.Connection - Received {"jsonrpc":"2.0","id":2,"method":"shutdown","params":null}
[2019-12-22 02:46:15,563] DEBUG langserver.core.Connection - Received {"jsonrpc":"2.0","id":2,"method":"shutdown","params":null}
[2019-12-22 02:46:15,588] DEBUG langserver.core.MessageWriter - Content-Length: 198



{"jsonrpc":"2.0","error":{"code":-32602,"message":"Invalid params","data":{"meaning":"Invalid method parameter(s).","error":{"obj":[{"msg":["command parameters must be given"],"args":[]}]}}},"id":2}
[2019-12-22 02:46:15,588] DEBUG langserver.core.MessageWriter - Content-Length: 198



{"jsonrpc":"2.0","error":{"code":-32602,"message":"Invalid params","data":{"meaning":"Invalid method parameter(s).","error":{"obj":[{"msg":["command parameters must be given"],"args":[]}]}}},"id":2}
[2019-12-22 02:46:15,588] DEBUG langserver.core.MessageWriter - payload: {"jsonrpc":"2.0","error":{"code":-32602,"message":"Invalid params","data":{"meaning":"Invalid method parameter(s).","error":{"obj":[{"msg":["command parameters must be given"],"args":[]}]}}},"id":2}
[2019-12-22 02:46:15,588] DEBUG langserver.core.MessageWriter - payload: {"jsonrpc":"2.0","error":{"code":-32602,"message":"Invalid params","data":{"meaning":"Invalid method parameter(s).","error":{"obj":[{"msg":["command parameters must be given"],"args":[]}]}}},"id":2}
